<?xml version="1.0" encoding="UTF-8"?>
<testsuite xmlns:xsi="http://www.w3.org/2001/XMLSchema-instance" xsi:noNamespaceSchemaLocation="https://maven.apache.org/surefire/maven-surefire-plugin/xsd/surefire-test-report-3.0.xsd" version="3.0" name="As a user, I should be able to send messages by clicking on Message tab under Activity Stream" time="23.019" tests="1" errors="0" skipped="0" failures="0">
  <properties>
    <property name="gopherProxySet" value="false"/>
    <property name="awt.toolkit" value="sun.lwawt.macosx.LWCToolkit"/>
    <property name="file.encoding.pkg" value="sun.io"/>
    <property name="java.specification.version" value="1.8"/>
    <property name="webdriver.chrome.driver" value="/Users/emre/.cache/selenium/chromedriver/mac64/87.0.4280.20/chromedriver"/>
    <property name="sun.cpu.isalist" value=""/>
    <property name="sun.jnu.encoding" value="UTF-8"/>
    <property name="java.class.path" value="/Users/emre/Desktop/Bitrix2020/target/test-classes:/Users/emre/Desktop/Bitrix2020/target/classes:/Users/emre/.m2/repository/org/seleniumhq/selenium/selenium-java/3.141.59/selenium-java-3.141.59.jar:/Users/emre/.m2/repository/org/seleniumhq/selenium/selenium-api/3.141.59/selenium-api-3.141.59.jar:/Users/emre/.m2/repository/org/seleniumhq/selenium/selenium-chrome-driver/3.141.59/selenium-chrome-driver-3.141.59.jar:/Users/emre/.m2/repository/org/seleniumhq/selenium/selenium-edge-driver/3.141.59/selenium-edge-driver-3.141.59.jar:/Users/emre/.m2/repository/org/seleniumhq/selenium/selenium-firefox-driver/3.141.59/selenium-firefox-driver-3.141.59.jar:/Users/emre/.m2/repository/org/seleniumhq/selenium/selenium-ie-driver/3.141.59/selenium-ie-driver-3.141.59.jar:/Users/emre/.m2/repository/org/seleniumhq/selenium/selenium-opera-driver/3.141.59/selenium-opera-driver-3.141.59.jar:/Users/emre/.m2/repository/org/seleniumhq/selenium/selenium-remote-driver/3.141.59/selenium-remote-driver-3.141.59.jar:/Users/emre/.m2/repository/org/seleniumhq/selenium/selenium-safari-driver/3.141.59/selenium-safari-driver-3.141.59.jar:/Users/emre/.m2/repository/org/seleniumhq/selenium/selenium-support/3.141.59/selenium-support-3.141.59.jar:/Users/emre/.m2/repository/net/bytebuddy/byte-buddy/1.8.15/byte-buddy-1.8.15.jar:/Users/emre/.m2/repository/org/apache/commons/commons-exec/1.3/commons-exec-1.3.jar:/Users/emre/.m2/repository/com/google/guava/guava/25.0-jre/guava-25.0-jre.jar:/Users/emre/.m2/repository/com/google/code/findbugs/jsr305/1.3.9/jsr305-1.3.9.jar:/Users/emre/.m2/repository/org/checkerframework/checker-compat-qual/2.0.0/checker-compat-qual-2.0.0.jar:/Users/emre/.m2/repository/com/google/errorprone/error_prone_annotations/2.1.3/error_prone_annotations-2.1.3.jar:/Users/emre/.m2/repository/com/google/j2objc/j2objc-annotations/1.1/j2objc-annotations-1.1.jar:/Users/emre/.m2/repository/org/codehaus/mojo/animal-sniffer-annotations/1.14/animal-sniffer-annotations-1.14.jar:/Users/emre/.m2/repository/com/squareup/okhttp3/okhttp/3.11.0/okhttp-3.11.0.jar:/Users/emre/.m2/repository/com/squareup/okio/okio/1.14.0/okio-1.14.0.jar:/Users/emre/.m2/repository/io/cucumber/cucumber-java/6.8.2/cucumber-java-6.8.2.jar:/Users/emre/.m2/repository/io/cucumber/cucumber-core/6.8.2/cucumber-core-6.8.2.jar:/Users/emre/.m2/repository/io/cucumber/cucumber-gherkin/6.8.2/cucumber-gherkin-6.8.2.jar:/Users/emre/.m2/repository/io/cucumber/cucumber-gherkin-messages/6.8.2/cucumber-gherkin-messages-6.8.2.jar:/Users/emre/.m2/repository/io/cucumber/messages/13.1.0/messages-13.1.0.jar:/Users/emre/.m2/repository/io/cucumber/tag-expressions/3.0.0/tag-expressions-3.0.0.jar:/Users/emre/.m2/repository/io/cucumber/cucumber-expressions/10.3.0/cucumber-expressions-10.3.0.jar:/Users/emre/.m2/repository/io/cucumber/datatable/3.5.0/datatable-3.5.0.jar:/Users/emre/.m2/repository/io/cucumber/cucumber-plugin/6.8.2/cucumber-plugin-6.8.2.jar:/Users/emre/.m2/repository/io/cucumber/docstring/6.8.2/docstring-6.8.2.jar:/Users/emre/.m2/repository/io/cucumber/html-formatter/9.0.0/html-formatter-9.0.0.jar:/Users/emre/.m2/repository/io/cucumber/create-meta/2.0.4/create-meta-2.0.4.jar:/Users/emre/.m2/repository/org/apiguardian/apiguardian-api/1.1.0/apiguardian-api-1.1.0.jar:/Users/emre/.m2/repository/io/cucumber/cucumber-junit/6.8.2/cucumber-junit-6.8.2.jar:/Users/emre/.m2/repository/junit/junit/4.13.1/junit-4.13.1.jar:/Users/emre/.m2/repository/org/hamcrest/hamcrest-core/1.3/hamcrest-core-1.3.jar:/Users/emre/.m2/repository/io/github/bonigarcia/webdrivermanager/4.2.2/webdrivermanager-4.2.2.jar:/Users/emre/.m2/repository/org/slf4j/slf4j-api/1.7.30/slf4j-api-1.7.30.jar:/Users/emre/.m2/repository/commons-io/commons-io/2.8.0/commons-io-2.8.0.jar:/Users/emre/.m2/repository/com/google/code/gson/gson/2.8.6/gson-2.8.6.jar:/Users/emre/.m2/repository/org/apache/commons/commons-lang3/3.11/commons-lang3-3.11.jar:/Users/emre/.m2/repository/org/apache/httpcomponents/client5/httpclient5/5.0.1/httpclient5-5.0.1.jar:/Users/emre/.m2/repository/org/apache/httpcomponents/core5/httpcore5/5.0.1/httpcore5-5.0.1.jar:/Users/emre/.m2/repository/org/apache/httpcomponents/core5/httpcore5-h2/5.0.1/httpcore5-h2-5.0.1.jar:/Users/emre/.m2/repository/commons-codec/commons-codec/1.13/commons-codec-1.13.jar:/Users/emre/.m2/repository/org/rauschig/jarchivelib/1.1.0/jarchivelib-1.1.0.jar:/Users/emre/.m2/repository/org/apache/commons/commons-compress/1.20/commons-compress-1.20.jar:/Users/emre/.m2/repository/org/jsoup/jsoup/1.13.1/jsoup-1.13.1.jar:"/>
    <property name="java.vm.vendor" value="Oracle Corporation"/>
    <property name="sun.arch.data.model" value="64"/>
    <property name="java.vendor.url" value="http://java.oracle.com/"/>
    <property name="user.timezone" value="America/New_York"/>
    <property name="java.vm.specification.version" value="1.8"/>
    <property name="os.name" value="Mac OS X"/>
    <property name="user.country" value="US"/>
    <property name="sun.java.launcher" value="SUN_STANDARD"/>
    <property name="sun.boot.library.path" value="/Library/Java/JavaVirtualMachines/jdk1.8.0_231.jdk/Contents/Home/jre/lib"/>
    <property name="sun.java.command" value="/Users/emre/Desktop/Bitrix2020/target/surefire/surefirebooter1644838312677829899.jar /Users/emre/Desktop/Bitrix2020/target/surefire 2020-11-21T16-56-48_266-jvmRun1 surefire4754110783353903774tmp surefire_02719309563034150433tmp"/>
    <property name="http.nonProxyHosts" value="local|*.local|169.254/16|*.169.254/16"/>
    <property name="surefire.test.class.path" value="/Users/emre/Desktop/Bitrix2020/target/test-classes:/Users/emre/Desktop/Bitrix2020/target/classes:/Users/emre/.m2/repository/org/seleniumhq/selenium/selenium-java/3.141.59/selenium-java-3.141.59.jar:/Users/emre/.m2/repository/org/seleniumhq/selenium/selenium-api/3.141.59/selenium-api-3.141.59.jar:/Users/emre/.m2/repository/org/seleniumhq/selenium/selenium-chrome-driver/3.141.59/selenium-chrome-driver-3.141.59.jar:/Users/emre/.m2/repository/org/seleniumhq/selenium/selenium-edge-driver/3.141.59/selenium-edge-driver-3.141.59.jar:/Users/emre/.m2/repository/org/seleniumhq/selenium/selenium-firefox-driver/3.141.59/selenium-firefox-driver-3.141.59.jar:/Users/emre/.m2/repository/org/seleniumhq/selenium/selenium-ie-driver/3.141.59/selenium-ie-driver-3.141.59.jar:/Users/emre/.m2/repository/org/seleniumhq/selenium/selenium-opera-driver/3.141.59/selenium-opera-driver-3.141.59.jar:/Users/emre/.m2/repository/org/seleniumhq/selenium/selenium-remote-driver/3.141.59/selenium-remote-driver-3.141.59.jar:/Users/emre/.m2/repository/org/seleniumhq/selenium/selenium-safari-driver/3.141.59/selenium-safari-driver-3.141.59.jar:/Users/emre/.m2/repository/org/seleniumhq/selenium/selenium-support/3.141.59/selenium-support-3.141.59.jar:/Users/emre/.m2/repository/net/bytebuddy/byte-buddy/1.8.15/byte-buddy-1.8.15.jar:/Users/emre/.m2/repository/org/apache/commons/commons-exec/1.3/commons-exec-1.3.jar:/Users/emre/.m2/repository/com/google/guava/guava/25.0-jre/guava-25.0-jre.jar:/Users/emre/.m2/repository/com/google/code/findbugs/jsr305/1.3.9/jsr305-1.3.9.jar:/Users/emre/.m2/repository/org/checkerframework/checker-compat-qual/2.0.0/checker-compat-qual-2.0.0.jar:/Users/emre/.m2/repository/com/google/errorprone/error_prone_annotations/2.1.3/error_prone_annotations-2.1.3.jar:/Users/emre/.m2/repository/com/google/j2objc/j2objc-annotations/1.1/j2objc-annotations-1.1.jar:/Users/emre/.m2/repository/org/codehaus/mojo/animal-sniffer-annotations/1.14/animal-sniffer-annotations-1.14.jar:/Users/emre/.m2/repository/com/squareup/okhttp3/okhttp/3.11.0/okhttp-3.11.0.jar:/Users/emre/.m2/repository/com/squareup/okio/okio/1.14.0/okio-1.14.0.jar:/Users/emre/.m2/repository/io/cucumber/cucumber-java/6.8.2/cucumber-java-6.8.2.jar:/Users/emre/.m2/repository/io/cucumber/cucumber-core/6.8.2/cucumber-core-6.8.2.jar:/Users/emre/.m2/repository/io/cucumber/cucumber-gherkin/6.8.2/cucumber-gherkin-6.8.2.jar:/Users/emre/.m2/repository/io/cucumber/cucumber-gherkin-messages/6.8.2/cucumber-gherkin-messages-6.8.2.jar:/Users/emre/.m2/repository/io/cucumber/messages/13.1.0/messages-13.1.0.jar:/Users/emre/.m2/repository/io/cucumber/tag-expressions/3.0.0/tag-expressions-3.0.0.jar:/Users/emre/.m2/repository/io/cucumber/cucumber-expressions/10.3.0/cucumber-expressions-10.3.0.jar:/Users/emre/.m2/repository/io/cucumber/datatable/3.5.0/datatable-3.5.0.jar:/Users/emre/.m2/repository/io/cucumber/cucumber-plugin/6.8.2/cucumber-plugin-6.8.2.jar:/Users/emre/.m2/repository/io/cucumber/docstring/6.8.2/docstring-6.8.2.jar:/Users/emre/.m2/repository/io/cucumber/html-formatter/9.0.0/html-formatter-9.0.0.jar:/Users/emre/.m2/repository/io/cucumber/create-meta/2.0.4/create-meta-2.0.4.jar:/Users/emre/.m2/repository/org/apiguardian/apiguardian-api/1.1.0/apiguardian-api-1.1.0.jar:/Users/emre/.m2/repository/io/cucumber/cucumber-junit/6.8.2/cucumber-junit-6.8.2.jar:/Users/emre/.m2/repository/junit/junit/4.13.1/junit-4.13.1.jar:/Users/emre/.m2/repository/org/hamcrest/hamcrest-core/1.3/hamcrest-core-1.3.jar:/Users/emre/.m2/repository/io/github/bonigarcia/webdrivermanager/4.2.2/webdrivermanager-4.2.2.jar:/Users/emre/.m2/repository/org/slf4j/slf4j-api/1.7.30/slf4j-api-1.7.30.jar:/Users/emre/.m2/repository/commons-io/commons-io/2.8.0/commons-io-2.8.0.jar:/Users/emre/.m2/repository/com/google/code/gson/gson/2.8.6/gson-2.8.6.jar:/Users/emre/.m2/repository/org/apache/commons/commons-lang3/3.11/commons-lang3-3.11.jar:/Users/emre/.m2/repository/org/apache/httpcomponents/client5/httpclient5/5.0.1/httpclient5-5.0.1.jar:/Users/emre/.m2/repository/org/apache/httpcomponents/core5/httpcore5/5.0.1/httpcore5-5.0.1.jar:/Users/emre/.m2/repository/org/apache/httpcomponents/core5/httpcore5-h2/5.0.1/httpcore5-h2-5.0.1.jar:/Users/emre/.m2/repository/commons-codec/commons-codec/1.13/commons-codec-1.13.jar:/Users/emre/.m2/repository/org/rauschig/jarchivelib/1.1.0/jarchivelib-1.1.0.jar:/Users/emre/.m2/repository/org/apache/commons/commons-compress/1.20/commons-compress-1.20.jar:/Users/emre/.m2/repository/org/jsoup/jsoup/1.13.1/jsoup-1.13.1.jar:"/>
    <property name="sun.cpu.endian" value="little"/>
    <property name="user.home" value="/Users/emre"/>
    <property name="user.language" value="en"/>
    <property name="java.specification.vendor" value="Oracle Corporation"/>
    <property name="java.home" value="/Library/Java/JavaVirtualMachines/jdk1.8.0_231.jdk/Contents/Home/jre"/>
    <property name="basedir" value="/Users/emre/Desktop/Bitrix2020"/>
    <property name="file.separator" value="/"/>
    <property name="line.separator" value="&#10;"/>
    <property name="java.vm.specification.vendor" value="Oracle Corporation"/>
    <property name="java.specification.name" value="Java Platform API Specification"/>
    <property name="java.awt.graphicsenv" value="sun.awt.CGraphicsEnvironment"/>
    <property name="surefire.real.class.path" value="/Users/emre/Desktop/Bitrix2020/target/surefire/surefirebooter1644838312677829899.jar"/>
    <property name="sun.boot.class.path" value="/Library/Java/JavaVirtualMachines/jdk1.8.0_231.jdk/Contents/Home/jre/lib/resources.jar:/Library/Java/JavaVirtualMachines/jdk1.8.0_231.jdk/Contents/Home/jre/lib/rt.jar:/Library/Java/JavaVirtualMachines/jdk1.8.0_231.jdk/Contents/Home/jre/lib/sunrsasign.jar:/Library/Java/JavaVirtualMachines/jdk1.8.0_231.jdk/Contents/Home/jre/lib/jsse.jar:/Library/Java/JavaVirtualMachines/jdk1.8.0_231.jdk/Contents/Home/jre/lib/jce.jar:/Library/Java/JavaVirtualMachines/jdk1.8.0_231.jdk/Contents/Home/jre/lib/charsets.jar:/Library/Java/JavaVirtualMachines/jdk1.8.0_231.jdk/Contents/Home/jre/lib/jfr.jar:/Library/Java/JavaVirtualMachines/jdk1.8.0_231.jdk/Contents/Home/jre/classes"/>
    <property name="sun.management.compiler" value="HotSpot 64-Bit Tiered Compilers"/>
    <property name="ftp.nonProxyHosts" value="local|*.local|169.254/16|*.169.254/16"/>
    <property name="java.runtime.version" value="1.8.0_231-b11"/>
    <property name="user.name" value="emre"/>
    <property name="path.separator" value=":"/>
    <property name="os.version" value="10.15.7"/>
    <property name="java.endorsed.dirs" value="/Library/Java/JavaVirtualMachines/jdk1.8.0_231.jdk/Contents/Home/jre/lib/endorsed"/>
    <property name="java.runtime.name" value="Java(TM) SE Runtime Environment"/>
    <property name="file.encoding" value="UTF-8"/>
    <property name="java.vm.name" value="Java HotSpot(TM) 64-Bit Server VM"/>
    <property name="localRepository" value="/Users/emre/.m2/repository"/>
    <property name="java.vendor.url.bug" value="http://bugreport.sun.com/bugreport/"/>
    <property name="java.io.tmpdir" value="/var/folders/fd/zhz3rg356b7bq28rfz7bb5k80000gn/T/"/>
    <property name="idea.version" value="2020.2.3"/>
    <property name="java.version" value="1.8.0_231"/>
    <property name="user.dir" value="/Users/emre/Desktop/Bitrix2020"/>
    <property name="os.arch" value="x86_64"/>
    <property name="java.vm.specification.name" value="Java Virtual Machine Specification"/>
    <property name="java.awt.printerjob" value="sun.lwawt.macosx.CPrinterJob"/>
    <property name="sun.os.patch.level" value="unknown"/>
    <property name="java.library.path" value="/Users/emre/Library/Java/Extensions:/Library/Java/Extensions:/Network/Library/Java/Extensions:/System/Library/Java/Extensions:/usr/lib/java:."/>
    <property name="java.vm.info" value="mixed mode"/>
    <property name="java.vendor" value="Oracle Corporation"/>
    <property name="java.vm.version" value="25.231-b11"/>
    <property name="java.ext.dirs" value="/Users/emre/Library/Java/Extensions:/Library/Java/JavaVirtualMachines/jdk1.8.0_231.jdk/Contents/Home/jre/lib/ext:/Library/Java/Extensions:/Network/Library/Java/Extensions:/System/Library/Java/Extensions:/usr/lib/java"/>
    <property name="sun.io.unicode.encoding" value="UnicodeBig"/>
    <property name="java.class.version" value="52.0"/>
    <property name="socksNonProxyHosts" value="local|*.local|169.254/16|*.169.254/16"/>
  </properties>
  <testcase name="User should be able to create a quote by clicking on the Comma icon" classname="As a user, I should be able to send messages by clicking on Message tab under Activity Stream" time="23.019">
    <system-out><![CDATA[&amp#27;[32m&amp#27;[1m┌───────────────────────────────────────────────────────────────────────────────────┐&amp#27;[0m
&amp#27;[32m&amp#27;[1m│&amp#27;[0m Share your Cucumber Report with your team at &amp#27;[36m&amp#27;[1m&amp#27;[4mhttps://reports.cucumber.io&amp#27;[0m          &amp#27;[32m&amp#27;[1m│&amp#27;[0m
&amp#27;[32m&amp#27;[1m│&amp#27;[0m Activate publishing with one of the following:                                    &amp#27;[32m&amp#27;[1m│&amp#27;[0m
&amp#27;[32m&amp#27;[1m│&amp#27;[0m                                                                                   &amp#27;[32m&amp#27;[1m│&amp#27;[0m
&amp#27;[32m&amp#27;[1m│&amp#27;[0m src/test/resources/cucumber.properties:          &amp#27;[36mcucumber.publish.enabled&amp#27;[0m=&amp#27;[36mtrue&amp#27;[0m    &amp#27;[32m&amp#27;[1m│&amp#27;[0m
&amp#27;[32m&amp#27;[1m│&amp#27;[0m src/test/resources/junit-platform.properties:    &amp#27;[36mcucumber.publish.enabled&amp#27;[0m=&amp#27;[36mtrue&amp#27;[0m    &amp#27;[32m&amp#27;[1m│&amp#27;[0m
&amp#27;[32m&amp#27;[1m│&amp#27;[0m Environment variable:                            &amp#27;[36mCUCUMBER_PUBLISH_ENABLED&amp#27;[0m=&amp#27;[36mtrue&amp#27;[0m    &amp#27;[32m&amp#27;[1m│&amp#27;[0m
&amp#27;[32m&amp#27;[1m│&amp#27;[0m JUnit:                                           &amp#27;[36m@CucumberOptions&amp#27;[0m(publish = &amp#27;[36mtrue&amp#27;[0m) &amp#27;[32m&amp#27;[1m│&amp#27;[0m
&amp#27;[32m&amp#27;[1m│&amp#27;[0m                                                                                   &amp#27;[32m&amp#27;[1m│&amp#27;[0m
&amp#27;[32m&amp#27;[1m│&amp#27;[0m More information at &amp#27;[36mhttps://reports.cucumber.io/docs/cucumber-jvm&amp#27;[0m                 &amp#27;[32m&amp#27;[1m│&amp#27;[0m
&amp#27;[32m&amp#27;[1m│&amp#27;[0m                                                                                   &amp#27;[32m&amp#27;[1m│&amp#27;[0m
&amp#27;[32m&amp#27;[1m│&amp#27;[0m Disable this message with one of the following:                                   &amp#27;[32m&amp#27;[1m│&amp#27;[0m
&amp#27;[32m&amp#27;[1m│&amp#27;[0m                                                                                   &amp#27;[32m&amp#27;[1m│&amp#27;[0m
&amp#27;[32m&amp#27;[1m│&amp#27;[0m src/test/resources/cucumber.properties:          &amp#27;[36mcucumber.publish.quiet&amp#27;[0m=&amp#27;[36mtrue&amp#27;[0m      &amp#27;[32m&amp#27;[1m│&amp#27;[0m
&amp#27;[32m&amp#27;[1m│&amp#27;[0m src/test/resources/junit-platform.properties:    &amp#27;[36mcucumber.publish.quiet&amp#27;[0m=&amp#27;[36mtrue&amp#27;[0m      &amp#27;[32m&amp#27;[1m│&amp#27;[0m
&amp#27;[32m&amp#27;[1m└───────────────────────────────────────────────────────────────────────────────────┘&amp#27;[0m


@activity @quote @smoke
Scenario: User should be able to create a quote by clicking on the Comma icon &amp#27;[90m# src/test/resources/features/UserStory1/AC1_Message.feature:43&amp#27;[0m
  &amp#27;[32mGiven &amp#27;[0m&amp#27;[32mUser is on the landing page&amp#27;[0m                                           &amp#27;[90m# com.bitrix.step_definitions.Activity_StepDefinition.user_is_on_the_landing_page()&amp#27;[0m
  &amp#27;[32mWhen &amp#27;[0m&amp#27;[32mUser logs in as &amp#27;[0m&amp#27;[32m&amp#27;[1m"hr"&amp#27;[0m                                                   &amp#27;[90m# com.bitrix.step_definitions.Activity_StepDefinition.userLogsInAs(java.lang.String)&amp#27;[0m
  &amp#27;[32mAnd &amp#27;[0m&amp#27;[32mUser clicks on &amp#27;[0m&amp#27;[32m&amp#27;[1m"Message"&amp#27;[0m&amp#27;[32m tab&amp#27;[0m                                            &amp#27;[90m# com.bitrix.step_definitions.Activity_StepDefinition.userClicksOnTab(java.lang.String)&amp#27;[0m
  &amp#27;[32mWhen &amp#27;[0m&amp#27;[32mUser clicks on Comma icon&amp#27;[0m                                              &amp#27;[90m# com.bitrix.step_definitions.Activity_StepDefinition.userClicksOnCommaIcon()&amp#27;[0m
  &amp#27;[32mAnd &amp#27;[0m&amp#27;[32mUser passes following quote&amp#27;[0m                                             &amp#27;[90m# com.bitrix.step_definitions.Activity_StepDefinition.userPassesFollowingQuote(java.util.Map<java.lang.String, java.lang.String>)&amp#27;[0m
  &amp#27;[32mAnd &amp#27;[0m&amp#27;[32mUser clicks on send button to share&amp#27;[0m                                     &amp#27;[90m# com.bitrix.step_definitions.Activity_StepDefinition.userClicksOnSendButtonToShare()&amp#27;[0m
  &amp#27;[32mThen &amp#27;[0m&amp#27;[32mQuote should be displayed on the main stream&amp#27;[0m                           &amp#27;[90m# com.bitrix.step_definitions.Activity_StepDefinition.quoteShouldBeDisplayedOnTheMainStream()&amp#27;[0m
]]></system-out>
    <system-err><![CDATA[SLF4J: Failed to load class "org.slf4j.impl.StaticLoggerBinder".
SLF4J: Defaulting to no-operation (NOP) logger implementation
SLF4J: See http://www.slf4j.org/codes.html#StaticLoggerBinder for further details.
Starting ChromeDriver 87.0.4280.20 (c99e81631faa0b2a448e658c0dbd8311fb04ddbd-refs/branch-heads/4280@{#355}) on port 18934
Only local connections are allowed.
Please see https://chromedriver.chromium.org/security-considerations for suggestions on keeping ChromeDriver safe.
ChromeDriver was started successfully.
Nov 21, 2020 4:56:55 PM org.openqa.selenium.remote.ProtocolHandshake createSession
INFO: Detected dialect: W3C
]]></system-err>
  </testcase>
</testsuite>